<?xml version="1.0" encoding="UTF-8"?>
<testsuite name="com.tw.CompareTest" tests="1" skipped="0" failures="0" errors="0" timestamp="2021-12-03T05:30:29" hostname="DESKTOP-FPKOO1P" time="0.031">
  <properties/>
  <testcase name="shouldReturnTrueIfBothValuesAreOne()" classname="com.tw.CompareTest" time="0.031"/>
  <system-out><![CDATA[]]></system-out>
  <system-err><![CDATA[]]></system-err>
</testsuite>
